2025-10-06 11:11:14 Init the consumer
2025-10-06 11:11:15 A message has been received!
2025-10-06 11:11:15 Calling to register email microservice with the email: admin@veilerdesigns.com
2025-10-06 11:11:39 Init the consumer
2025-10-06 11:11:43 A message has been received!
2025-10-06 11:11:43 Calling to register email microservice with the email: admin@veilerdesigns.com
2025-10-06 11:11:48 Timed out
2025-10-06 11:11:50 A message has been received!
2025-10-06 11:11:50 Calling to register email microservice with the email: admin@veilerdesigns.com
2025-10-06 11:11:55 Timed out
2025-10-06 11:11:56 A message has been received!
2025-10-06 11:11:56 Calling to register email microservice with the email: admin33@veilerdesigns.com
2025-10-06 11:12:02 Timed out
2025-10-06 11:12:07 Timed out
2025-10-06 11:12:12 Timed out
2025-10-06 11:12:17 Timed out
2025-10-06 11:12:22 Timed out
2025-10-06 11:12:27 Timed out
2025-10-06 11:12:32 Timed out
2025-10-06 11:12:37 Timed out
2025-10-06 11:12:42 Timed out
2025-10-06 11:12:43 A message has been received!
2025-10-06 11:12:43 Calling to register email microservice with the email: spam@veilerdesigns.com
2025-10-06 11:12:48 Timed out
2025-10-06 11:12:51 A message has been received!
2025-10-06 11:12:51 Calling to register email microservice with the email: spam33@veilerdesigns.com
2025-10-06 11:12:56 Timed out
2025-10-06 11:13:01 Timed out
2025-10-06 11:13:06 Timed out
2025-10-06 11:13:08 A message has been received!
2025-10-06 11:13:08 Calling to register email microservice with the email: soporte@veilerdesigns.com
2025-10-06 11:13:14 Timed out
2025-10-06 11:13:19 Timed out
2025-10-06 11:13:24 Timed out
2025-10-06 11:13:29 Timed out
2025-10-06 11:13:34 Timed out
2025-10-06 11:13:39 Timed out
2025-10-06 11:13:44 Timed out
2025-10-06 11:13:49 Timed out
2025-10-06 11:13:49 A message has been received!
2025-10-06 11:13:49 Calling to register email microservice with the email: mariocb74@hotmail.com
2025-10-06 11:13:55 Timed out
2025-10-06 11:14:00 Timed out
2025-10-06 11:14:05 Timed out
2025-10-06 11:14:10 Timed out
2025-10-06 11:14:15 Timed out
2025-10-06 11:14:20 Timed out
2025-10-06 11:14:25 Timed out
2025-10-06 11:14:30 Timed out
2025-10-06 11:14:35 Timed out
2025-10-06 11:14:40 Timed out
2025-10-06 11:14:45 Timed out
2025-10-06 11:14:50 Timed out
2025-10-06 11:14:55 Timed out
2025-10-06 11:15:00 Timed out
2025-10-06 11:15:05 Timed out
2025-10-06 11:15:10 Timed out
2025-10-06 11:15:15 Timed out
2025-10-06 11:15:20 Timed out
2025-10-06 11:15:25 Timed out
2025-10-06 11:15:30 Timed out
2025-10-06 11:15:35 Timed out
2025-10-06 11:15:40 Timed out
2025-10-06 11:15:45 Timed out
2025-10-06 11:15:50 Timed out
2025-10-06 11:15:55 Timed out
2025-10-06 11:16:00 Timed out
2025-10-06 11:16:05 Timed out
2025-10-06 11:16:10 Timed out
2025-10-06 11:16:15 Timed out
2025-10-06 11:16:20 Timed out
2025-10-06 11:16:25 Timed out
2025-10-06 11:16:30 Timed out
2025-10-06 11:16:35 Timed out
2025-10-06 11:16:40 Timed out
2025-10-06 11:16:45 Timed out
2025-10-06 11:16:50 Timed out
2025-10-06 11:16:55 Timed out
2025-10-06 11:17:00 Timed out
2025-10-06 11:17:05 Timed out
2025-10-06 11:17:10 Timed out
2025-10-06 11:17:15 Timed out
2025-10-06 11:17:20 Timed out
2025-10-06 11:17:25 Timed out
2025-10-06 11:17:30 Timed out
2025-10-06 11:17:35 Timed out
2025-10-06 11:17:40 Timed out
2025-10-06 11:17:45 Timed out
2025-10-06 11:17:50 Timed out
2025-10-06 11:17:55 Timed out
2025-10-06 11:18:00 Timed out
2025-10-06 11:18:05 Timed out
2025-10-06 11:18:10 Timed out
2025-10-06 11:18:15 Timed out
2025-10-06 11:18:20 Timed out
2025-10-06 11:18:25 Timed out
2025-10-06 11:18:30 Timed out
2025-10-06 11:18:35 Timed out
2025-10-06 11:18:40 Timed out
2025-10-06 11:18:45 Timed out
2025-10-06 11:18:50 Timed out
2025-10-06 11:18:55 Timed out
2025-10-06 11:19:00 Timed out
2025-10-06 11:19:05 Timed out
2025-10-06 11:19:10 Timed out
2025-10-06 11:19:15 Timed out
2025-10-06 11:19:20 Timed out
2025-10-06 11:19:25 Timed out
2025-10-06 11:19:30 Timed out
2025-10-06 11:19:35 Timed out
2025-10-06 11:19:40 Timed out
2025-10-06 11:19:45 Timed out
2025-10-06 11:19:50 Timed out
2025-10-06 11:19:55 Timed out
2025-10-06 11:20:00 Timed out
2025-10-06 11:20:05 Timed out
2025-10-06 11:20:10 Timed out
2025-10-06 11:20:15 Timed out
2025-10-06 11:20:20 Timed out
2025-10-06 11:20:25 Timed out
2025-10-06 11:20:30 Timed out
2025-10-06 11:20:35 Timed out
2025-10-06 11:20:40 Timed out
2025-10-06 11:20:45 Timed out
2025-10-06 11:20:51 Timed out
2025-10-06 11:20:56 Timed out
2025-10-06 11:21:01 Timed out
2025-10-06 11:21:06 Timed out
2025-10-06 11:21:11 Timed out
2025-10-06 11:21:16 Timed out
2025-10-06 11:21:21 Timed out
2025-10-06 11:21:26 Timed out
2025-10-06 11:21:31 Timed out
2025-10-06 11:21:36 Timed out
2025-10-06 11:21:41 Timed out
2025-10-06 11:21:46 Timed out
2025-10-06 11:21:51 Timed out
2025-10-06 11:21:56 Timed out
2025-10-06 11:22:01 Timed out
2025-10-06 11:22:06 Timed out
2025-10-06 11:22:11 Timed out
2025-10-06 11:22:16 Timed out
2025-10-06 11:22:21 Timed out
2025-10-06 11:22:26 Timed out
2025-10-06 11:22:31 Timed out
2025-10-06 11:22:36 Timed out
2025-10-06 11:22:41 Timed out
2025-10-06 11:22:46 Timed out
2025-10-06 11:22:51 Timed out
2025-10-06 11:22:56 Timed out
2025-10-06 11:23:01 Timed out
2025-10-06 11:23:06 Timed out
2025-10-06 11:23:11 Timed out
2025-10-06 11:23:16 Timed out
2025-10-06 11:23:21 Timed out
2025-10-06 11:23:26 Timed out
2025-10-06 11:23:31 Timed out
2025-10-06 11:23:36 Timed out
2025-10-06 11:23:41 Timed out
2025-10-06 11:23:46 Timed out
2025-10-06 11:23:51 Timed out
2025-10-06 11:23:56 Timed out
2025-10-06 11:24:01 Timed out
2025-10-06 11:24:06 Timed out
2025-10-06 11:24:11 Timed out
2025-10-06 11:24:16 Timed out
2025-10-06 11:24:21 Timed out
2025-10-06 11:24:26 Timed out
2025-10-06 11:24:31 Timed out
2025-10-06 11:24:36 Timed out
2025-10-06 11:24:41 Timed out
2025-10-06 11:24:46 Timed out
2025-10-06 11:24:51 Timed out
2025-10-06 11:24:56 Timed out
2025-10-06 11:25:01 Timed out
2025-10-06 11:25:06 Timed out
2025-10-06 11:25:11 Timed out
2025-10-06 11:25:16 Timed out
2025-10-06 11:25:21 Timed out
2025-10-06 11:25:26 Timed out
2025-10-06 11:25:31 Timed out
2025-10-06 11:25:36 Timed out
2025-10-06 11:25:41 Timed out
2025-10-06 11:25:46 Timed out
2025-10-06 11:25:51 Timed out
2025-10-06 11:25:56 Timed out
2025-10-06 11:26:01 Timed out
2025-10-06 11:26:06 Timed out
2025-10-06 11:26:11 Timed out
2025-10-06 11:26:16 Timed out
2025-10-06 11:26:21 Timed out
2025-10-06 11:26:26 Timed out
2025-10-06 11:26:31 Timed out
2025-10-06 11:26:36 Timed out
2025-10-06 11:26:41 Timed out
2025-10-06 11:26:46 Timed out
2025-10-06 11:26:51 Timed out
2025-10-06 11:26:56 Timed out
2025-10-06 11:27:01 Timed out
2025-10-06 11:27:06 Timed out
2025-10-06 11:27:11 Timed out
2025-10-06 11:27:16 Timed out
2025-10-06 11:27:21 Timed out
2025-10-06 11:27:26 Timed out
2025-10-06 11:27:31 Timed out
2025-10-06 11:27:36 Timed out
2025-10-06 11:27:41 Timed out
2025-10-06 11:27:46 Timed out
2025-10-06 11:27:51 Timed out
2025-10-06 11:27:56 Timed out
2025-10-06 11:28:01 Timed out
2025-10-06 11:28:06 Timed out
2025-10-06 11:28:11 Timed out
2025-10-06 11:28:16 Timed out
2025-10-06 11:28:21 Timed out
2025-10-06 11:28:26 Timed out
2025-10-06 11:28:31 Timed out
2025-10-06 11:28:36 Timed out
2025-10-06 11:28:41 Timed out
2025-10-06 11:28:46 Timed out
2025-10-06 11:28:51 Timed out
2025-10-06 11:28:56 Timed out
2025-10-06 11:29:01 Timed out
2025-10-06 11:29:06 Timed out
2025-10-06 11:29:11 Timed out
2025-10-06 11:29:16 Timed out
2025-10-06 11:29:21 Timed out
2025-10-06 11:29:26 Timed out
2025-10-06 11:29:31 Timed out
2025-10-06 11:29:36 Timed out
2025-10-06 11:29:41 Timed out
2025-10-06 11:29:46 Timed out
2025-10-06 11:29:51 Timed out
2025-10-06 11:29:56 Timed out
2025-10-06 11:30:01 Timed out
2025-10-06 11:30:06 Timed out
2025-10-06 11:30:11 Timed out
2025-10-06 11:30:16 Timed out
2025-10-06 11:30:21 Timed out
2025-10-06 11:30:26 Timed out
2025-10-06 11:30:31 Timed out
2025-10-06 11:30:36 Timed out
2025-10-06 11:30:41 Timed out
2025-10-06 11:30:46 Timed out
2025-10-06 11:30:51 Timed out
2025-10-06 11:30:56 Timed out
2025-10-06 11:31:01 Timed out
2025-10-06 11:31:06 Timed out
2025-10-06 11:31:11 Timed out
2025-10-06 11:31:16 Timed out
2025-10-06 11:31:21 Timed out
2025-10-06 11:31:26 Timed out
2025-10-06 11:31:31 Timed out
2025-10-06 11:31:37 Timed out
2025-10-06 11:31:42 Timed out
2025-10-06 11:31:47 Timed out
2025-10-06 11:31:52 Timed out
2025-10-06 11:31:57 Timed out
2025-10-06 11:32:02 Timed out
2025-10-06 11:32:07 Timed out
2025-10-06 11:32:12 Timed out
2025-10-06 11:32:17 Timed out
2025-10-06 11:32:22 Timed out
2025-10-06 11:32:27 Timed out
2025-10-06 11:32:32 Timed out
2025-10-06 11:32:37 Timed out
2025-10-06 11:32:42 Timed out
2025-10-06 11:32:47 Timed out
2025-10-06 11:32:52 Timed out
2025-10-06 11:32:57 Timed out
2025-10-06 11:33:02 Timed out
2025-10-06 11:33:07 Timed out
2025-10-06 11:33:12 Timed out
2025-10-06 11:33:17 Timed out
2025-10-06 11:33:22 Timed out
2025-10-06 11:33:27 Timed out
2025-10-06 11:33:32 Timed out
2025-10-06 11:33:37 Timed out
2025-10-06 11:33:42 Timed out
2025-10-06 11:33:47 Timed out
2025-10-06 11:33:52 Timed out
2025-10-06 11:33:57 Timed out
2025-10-06 11:34:02 Timed out
2025-10-06 11:34:07 Timed out
2025-10-06 11:34:12 Timed out
2025-10-06 11:34:17 Timed out
2025-10-06 11:34:22 Timed out
2025-10-06 11:34:27 Timed out
2025-10-06 11:34:32 Timed out
2025-10-06 11:34:37 Timed out
2025-10-06 11:34:42 Timed out
2025-10-06 11:34:47 Timed out
2025-10-06 11:34:52 Timed out
2025-10-06 11:34:57 Timed out
2025-10-06 11:35:02 Timed out
2025-10-06 11:35:07 Timed out
2025-10-06 11:35:12 Timed out
2025-10-06 11:35:17 Timed out
2025-10-06 11:35:22 Timed out
2025-10-06 11:35:27 Timed out
2025-10-06 11:35:32 Timed out
2025-10-06 11:35:37 Timed out
2025-10-06 11:35:42 Timed out
2025-10-06 11:35:47 Timed out
2025-10-06 11:35:52 Timed out
2025-10-06 11:35:57 Timed out
2025-10-06 11:36:02 Timed out
2025-10-06 11:36:07 Timed out
2025-10-06 11:36:12 Timed out
2025-10-06 11:36:17 Timed out
2025-10-06 11:36:22 Timed out
2025-10-06 11:36:27 Timed out
2025-10-06 11:36:32 Timed out
2025-10-06 11:36:37 Timed out
2025-10-06 11:36:42 Timed out
2025-10-06 11:36:47 Timed out
2025-10-06 11:36:52 Timed out
2025-10-06 11:36:57 Timed out
2025-10-06 11:37:02 Timed out
2025-10-06 11:37:07 Timed out
2025-10-06 11:37:12 Timed out
2025-10-06 11:37:17 Timed out
2025-10-06 11:37:22 Timed out
2025-10-06 11:37:27 Timed out
2025-10-06 11:37:32 Timed out
2025-10-06 11:37:37 Timed out
2025-10-06 11:37:42 Timed out
2025-10-06 11:37:47 Timed out
2025-10-06 11:37:52 Timed out
2025-10-06 11:37:57 Timed out
2025-10-06 11:38:02 Timed out
2025-10-06 11:38:07 Timed out
2025-10-06 11:38:12 Timed out
2025-10-06 11:38:17 Timed out
2025-10-06 11:38:22 Timed out
2025-10-06 11:38:27 Timed out
2025-10-06 11:38:32 Timed out
2025-10-06 11:38:37 Timed out
2025-10-06 11:38:42 Timed out
2025-10-06 11:38:47 Timed out
2025-10-06 11:38:52 Timed out
2025-10-06 11:38:57 Timed out
2025-10-06 11:39:02 Timed out
2025-10-06 11:39:07 Timed out
2025-10-06 11:39:12 Timed out
2025-10-06 11:39:17 Timed out
2025-10-06 11:39:22 Timed out
2025-10-06 11:39:27 Timed out
2025-10-06 11:39:32 Timed out
2025-10-06 11:39:37 Timed out
2025-10-06 11:39:42 Timed out
2025-10-06 11:39:47 Timed out
2025-10-06 11:39:52 Timed out
2025-10-06 11:39:57 Timed out
2025-10-06 11:40:02 Timed out
2025-10-06 11:40:07 Timed out
2025-10-06 11:40:12 Timed out
2025-10-06 11:40:17 Timed out
2025-10-06 11:40:22 Timed out
2025-10-06 11:40:27 Timed out
2025-10-06 11:40:32 Timed out
2025-10-06 11:40:37 Timed out
2025-10-06 11:40:42 Timed out
2025-10-06 11:40:47 Timed out
2025-10-06 11:40:52 Timed out
2025-10-06 11:40:57 Timed out
2025-10-06 11:41:02 Timed out
2025-10-06 11:41:07 Timed out
2025-10-06 11:41:12 Timed out
2025-10-06 11:41:17 Timed out
2025-10-06 11:41:22 Timed out
2025-10-06 11:41:27 Timed out
2025-10-06 11:41:32 Timed out
2025-10-06 11:41:37 Timed out
2025-10-06 11:41:42 Timed out
2025-10-06 11:41:47 Timed out
2025-10-06 11:41:52 Timed out
2025-10-06 11:41:57 Timed out
2025-10-06 11:42:02 Timed out
2025-10-06 11:42:07 Timed out
2025-10-06 11:42:13 Timed out
2025-10-06 11:42:18 Timed out
2025-10-06 11:42:23 Timed out
2025-10-06 11:42:28 Timed out
2025-10-06 11:42:33 Timed out
2025-10-06 11:42:38 Timed out
2025-10-06 11:42:43 Timed out
2025-10-06 11:42:48 Timed out
2025-10-06 11:42:53 Timed out
2025-10-06 11:42:58 Timed out
2025-10-06 11:43:03 Timed out
2025-10-06 11:43:08 Timed out
2025-10-06 11:43:13 Timed out
2025-10-06 11:43:18 Timed out
2025-10-06 11:43:23 Timed out
2025-10-06 11:43:28 Timed out
2025-10-06 11:43:33 Timed out
2025-10-06 11:43:38 Timed out
2025-10-06 11:43:43 Timed out
2025-10-06 11:43:48 Timed out
2025-10-06 11:43:53 Timed out
2025-10-06 11:43:58 Timed out
2025-10-06 11:44:03 Timed out
2025-10-06 11:44:08 Timed out
2025-10-06 11:44:13 Timed out
2025-10-06 11:44:18 Timed out
2025-10-06 11:44:23 Timed out
2025-10-06 11:44:28 Timed out
2025-10-06 11:44:33 Timed out
2025-10-06 11:44:38 Timed out
2025-10-06 11:44:43 Timed out
2025-10-06 11:44:48 Timed out
2025-10-06 11:44:53 Timed out
2025-10-06 11:44:58 Timed out
2025-10-06 11:45:03 Timed out
2025-10-06 11:45:08 Timed out
2025-10-06 11:45:13 Timed out
2025-10-06 11:45:18 Timed out
2025-10-06 11:45:23 Timed out
2025-10-06 11:45:28 Timed out
2025-10-06 11:45:33 Timed out
2025-10-06 11:45:38 Timed out
2025-10-06 11:45:43 Timed out
2025-10-06 11:45:48 Timed out
2025-10-06 11:45:53 Timed out
2025-10-06 11:45:58 Timed out
2025-10-06 11:46:03 Timed out
2025-10-06 11:46:08 Timed out
2025-10-06 11:46:13 Timed out
2025-10-06 11:46:18 Timed out
2025-10-06 11:46:23 Timed out
2025-10-06 11:46:28 Timed out
2025-10-06 11:46:33 Timed out
2025-10-06 11:46:38 Timed out
2025-10-06 11:46:43 Timed out
2025-10-06 11:46:48 Timed out
2025-10-06 11:46:53 Timed out
2025-10-06 11:46:58 Timed out
2025-10-06 11:47:03 Timed out
2025-10-06 11:47:08 Timed out
2025-10-06 11:47:13 Timed out
2025-10-06 11:47:18 Timed out
2025-10-06 11:47:23 Timed out
2025-10-06 11:47:28 Timed out
2025-10-06 11:47:33 Timed out
2025-10-06 11:47:38 Timed out
2025-10-06 11:47:43 Timed out
2025-10-06 11:47:48 Timed out
2025-10-06 11:47:53 Timed out
2025-10-06 11:47:58 Timed out
2025-10-06 11:48:03 Timed out
2025-10-06 11:48:08 Timed out
2025-10-06 11:48:13 Timed out
2025-10-06 11:48:18 Timed out
2025-10-06 11:48:23 Timed out
2025-10-06 11:48:28 Timed out
2025-10-06 11:48:33 Timed out
2025-10-06 11:48:38 Timed out
2025-10-06 11:48:43 Timed out
2025-10-06 11:48:48 Timed out
2025-10-06 11:48:53 Timed out
2025-10-06 11:48:58 Timed out
2025-10-06 11:49:03 Timed out
2025-10-06 11:49:08 Timed out
2025-10-06 11:49:13 Timed out
2025-10-06 11:49:18 Timed out
2025-10-06 11:49:23 Timed out
2025-10-06 11:49:28 Timed out
2025-10-06 11:49:33 Timed out
2025-10-06 11:49:38 Timed out
2025-10-06 11:49:43 Timed out
2025-10-06 11:49:48 Timed out
2025-10-06 11:49:53 Timed out
2025-10-06 11:49:58 Timed out
2025-10-06 11:50:03 Timed out
2025-10-06 11:50:08 Timed out
2025-10-06 11:50:13 Timed out
2025-10-06 11:50:18 Timed out
2025-10-06 11:50:23 Timed out
2025-10-06 11:50:28 Timed out
2025-10-06 11:50:33 Timed out
2025-10-06 11:50:38 Timed out
2025-10-06 11:50:43 Timed out
2025-10-06 11:50:48 Timed out
2025-10-06 11:50:53 Timed out
2025-10-06 11:50:58 Timed out
2025-10-06 11:51:03 Timed out
2025-10-06 11:51:08 Timed out
2025-10-06 11:51:13 Timed out
2025-10-06 11:51:18 Timed out
2025-10-06 11:51:23 Timed out
2025-10-06 11:51:28 Timed out
2025-10-06 11:51:33 Timed out
2025-10-06 11:51:38 Timed out
2025-10-06 11:51:43 Timed out
2025-10-06 11:51:48 Timed out
2025-10-06 11:51:53 Timed out
2025-10-06 11:51:58 Timed out
2025-10-06 11:52:03 Timed out
2025-10-06 11:52:08 Timed out
2025-10-06 11:52:13 Timed out
2025-10-06 11:52:18 Timed out
2025-10-06 11:52:23 Timed out
2025-10-06 11:52:28 Timed out
2025-10-06 11:52:33 Timed out
2025-10-06 11:52:38 Timed out
2025-10-06 11:52:43 Timed out
2025-10-06 11:52:48 Timed out
2025-10-06 11:52:53 Timed out
2025-10-06 11:52:58 Timed out
2025-10-06 11:53:03 Timed out
2025-10-06 11:53:08 Timed out
2025-10-06 11:53:13 Timed out
2025-10-06 11:53:18 Timed out
2025-10-06 11:53:23 Timed out
2025-10-06 11:53:28 Timed out
2025-10-06 11:53:33 Timed out
2025-10-06 11:53:38 Timed out
2025-10-06 11:53:43 Timed out
2025-10-06 11:53:48 Timed out
2025-10-06 11:53:53 Timed out
2025-10-06 11:53:58 Timed out
2025-10-06 11:54:03 Timed out
2025-10-06 11:54:08 Timed out
2025-10-06 11:54:13 Timed out
2025-10-06 11:54:18 Timed out
2025-10-06 11:54:23 Timed out
2025-10-06 11:54:28 Timed out
2025-10-06 11:54:33 Timed out
2025-10-06 11:54:38 Timed out
2025-10-06 11:54:43 Timed out
2025-10-06 11:54:48 Timed out
2025-10-06 11:54:53 Timed out
2025-10-06 11:54:58 Timed out
2025-10-06 11:55:04 Timed out
2025-10-06 11:55:09 Timed out
2025-10-06 11:55:14 Timed out
2025-10-06 11:55:19 Timed out
2025-10-06 11:55:24 Timed out
2025-10-06 11:55:29 Timed out
2025-10-06 11:55:34 Timed out
2025-10-06 11:55:39 Timed out
2025-10-06 11:55:44 Timed out
2025-10-06 11:55:49 Timed out
2025-10-06 11:55:54 Timed out
2025-10-06 11:55:59 Timed out
2025-10-06 11:56:04 Timed out
2025-10-06 11:56:09 Timed out
2025-10-06 11:56:14 Timed out
2025-10-06 11:56:19 Timed out
2025-10-06 11:56:24 Timed out
2025-10-06 11:56:29 Timed out
2025-10-06 11:56:34 Timed out
2025-10-06 11:56:39 Timed out
2025-10-06 11:56:44 Timed out
2025-10-06 11:56:49 Timed out
2025-10-06 11:56:54 Timed out
2025-10-06 11:56:59 Timed out
2025-10-06 11:57:04 Timed out
2025-10-06 11:57:09 Timed out
2025-10-06 11:57:14 Timed out
2025-10-06 11:57:19 Timed out
2025-10-06 11:57:24 Timed out
2025-10-06 11:57:29 Timed out
2025-10-06 11:57:34 Timed out
2025-10-06 11:57:39 Timed out
2025-10-06 11:57:44 Timed out
2025-10-06 11:57:49 Timed out
2025-10-06 11:57:54 Timed out
2025-10-06 11:57:59 Timed out
2025-10-06 11:58:04 Timed out
2025-10-06 11:58:09 Timed out
2025-10-06 11:58:14 Timed out
2025-10-06 11:58:19 Timed out
2025-10-06 11:58:24 Timed out
2025-10-06 11:58:29 Timed out
2025-10-06 11:58:34 Timed out
2025-10-06 11:58:39 Timed out
2025-10-06 11:58:44 Timed out
2025-10-06 11:58:49 Timed out
2025-10-06 11:58:54 Timed out
2025-10-06 11:58:59 Timed out
2025-10-06 11:59:04 Timed out
2025-10-06 11:59:09 Timed out
2025-10-06 11:59:14 Timed out
2025-10-06 11:59:19 Timed out
2025-10-06 11:59:24 Timed out
2025-10-06 11:59:29 Timed out
2025-10-06 11:59:34 Timed out
2025-10-06 11:59:39 Timed out
2025-10-06 11:59:44 Timed out
2025-10-06 11:59:49 Timed out
2025-10-06 11:59:54 Timed out
2025-10-06 11:59:59 Timed out
2025-10-06 12:00:04 Timed out
2025-10-06 12:00:09 Timed out
2025-10-06 12:00:14 Timed out
2025-10-06 12:00:19 Timed out
2025-10-06 12:00:24 Timed out
2025-10-06 12:00:29 Timed out
2025-10-06 12:00:34 Timed out
2025-10-06 12:00:39 Timed out
2025-10-06 12:00:44 Timed out
2025-10-06 12:00:49 Timed out
2025-10-06 12:00:54 Timed out
2025-10-06 12:00:59 Timed out
2025-10-06 12:01:04 Timed out
2025-10-06 12:01:09 Timed out
2025-10-06 12:01:14 Timed out
2025-10-06 12:01:19 Timed out
2025-10-06 12:01:24 Timed out
2025-10-06 12:01:29 Timed out
2025-10-06 12:01:34 Timed out
2025-10-06 12:01:39 Timed out
2025-10-06 12:01:44 Timed out
2025-10-06 12:01:49 Timed out
2025-10-06 12:01:54 Timed out
2025-10-06 12:01:59 Timed out
2025-10-06 12:02:04 Timed out
2025-10-06 12:02:09 Timed out
2025-10-06 12:02:14 Timed out
2025-10-06 12:02:19 Timed out
2025-10-06 12:02:24 Timed out
2025-10-06 12:02:29 Timed out
2025-10-06 12:02:34 Timed out
2025-10-06 12:02:39 Timed out
2025-10-06 12:02:44 Timed out
2025-10-06 12:02:49 Timed out
2025-10-06 12:02:54 Timed out
2025-10-06 12:02:59 Timed out
2025-10-06 12:03:04 Timed out
2025-10-06 12:03:09 Timed out
2025-10-06 12:03:14 Timed out
2025-10-06 12:03:19 Timed out
2025-10-06 12:03:24 Timed out
2025-10-06 12:03:29 Timed out
2025-10-06 12:03:34 Timed out
2025-10-06 12:03:39 Timed out
2025-10-06 12:03:44 Timed out
2025-10-06 12:03:49 Timed out
2025-10-06 12:03:54 Timed out
2025-10-06 12:03:59 Timed out
2025-10-06 12:04:04 Timed out
2025-10-06 12:04:09 Timed out
2025-10-06 12:04:14 Timed out
2025-10-06 12:04:19 Timed out
2025-10-06 12:04:24 Timed out
2025-10-06 12:04:29 Timed out
2025-10-06 12:04:34 Timed out
2025-10-06 12:04:39 Timed out
2025-10-06 12:04:44 Timed out
2025-10-06 12:04:49 Timed out
2025-10-06 12:04:54 Timed out
2025-10-06 12:04:59 Timed out
2025-10-06 12:05:04 Timed out
2025-10-06 12:05:09 Timed out
2025-10-06 12:05:14 Timed out
2025-10-06 12:05:19 Timed out
2025-10-06 12:05:24 Timed out
2025-10-06 12:05:29 Timed out
2025-10-06 12:05:34 Timed out
2025-10-06 12:05:39 Timed out
2025-10-06 12:05:44 Timed out
2025-10-06 12:05:49 Timed out
2025-10-06 12:05:54 Timed out
2025-10-06 12:05:59 Timed out
2025-10-06 12:06:05 Timed out
2025-10-06 12:06:10 Timed out
2025-10-06 12:06:15 Timed out
2025-10-06 12:06:20 Timed out
2025-10-06 12:06:25 Timed out
2025-10-06 12:06:30 Timed out
2025-10-06 12:06:35 Timed out
2025-10-06 12:06:40 Timed out
2025-10-06 12:06:45 Timed out
2025-10-06 12:06:50 Timed out
2025-10-06 12:06:55 Timed out
2025-10-06 12:07:00 Timed out
2025-10-06 12:07:05 Timed out
2025-10-06 12:07:10 Timed out
2025-10-06 12:07:15 Timed out
2025-10-06 12:07:20 Timed out
2025-10-06 12:07:25 Timed out
2025-10-06 12:07:30 Timed out
2025-10-06 12:07:35 Timed out
2025-10-06 12:07:40 Timed out
2025-10-06 12:07:45 Timed out
2025-10-06 12:07:50 Timed out
2025-10-06 12:07:55 Timed out
2025-10-06 12:08:00 Timed out
2025-10-06 12:08:05 Timed out
2025-10-06 12:08:10 Timed out
2025-10-06 12:08:15 Timed out
2025-10-06 12:08:20 Timed out
2025-10-06 12:08:25 Timed out
2025-10-06 12:08:30 Timed out
2025-10-06 12:08:35 Timed out
2025-10-06 12:08:40 Timed out
2025-10-06 12:08:45 Timed out
2025-10-06 12:08:50 Timed out
2025-10-06 12:08:55 Timed out
2025-10-06 12:09:00 Timed out
2025-10-06 12:09:05 Timed out
2025-10-06 12:09:10 Timed out
2025-10-06 12:09:15 Timed out
2025-10-06 12:09:20 Timed out
2025-10-06 12:09:25 Timed out
2025-10-06 12:09:30 Timed out
2025-10-06 12:09:35 Timed out
2025-10-06 12:09:40 Timed out
2025-10-06 12:09:45 Timed out
2025-10-06 12:09:50 Timed out
2025-10-06 12:09:55 Timed out
2025-10-06 12:10:00 Timed out
2025-10-06 12:10:05 Timed out
2025-10-06 12:10:10 Timed out
2025-10-06 12:10:15 Timed out
2025-10-06 12:10:20 Timed out
2025-10-06 12:10:25 Timed out
2025-10-06 12:10:30 Timed out
2025-10-06 12:10:35 Timed out
2025-10-06 12:10:40 Timed out
2025-10-06 12:10:45 Timed out
2025-10-06 12:10:50 Timed out
2025-10-06 12:10:55 Timed out
2025-10-06 12:11:00 Timed out
2025-10-06 12:11:05 Timed out
2025-10-06 12:11:10 Timed out
2025-10-06 12:11:15 Timed out
2025-10-06 12:11:20 Timed out
2025-10-06 12:11:25 Timed out
2025-10-06 12:11:30 Timed out
2025-10-06 12:11:35 Timed out
2025-10-06 12:11:40 Timed out
2025-10-06 12:11:45 Timed out
2025-10-06 12:11:50 Timed out
2025-10-06 12:11:55 Timed out
2025-10-06 12:12:00 Timed out
2025-10-06 12:12:05 Timed out
2025-10-06 12:12:10 Timed out
2025-10-06 12:12:15 Timed out
2025-10-06 12:12:20 Timed out
2025-10-06 12:12:25 Timed out
2025-10-06 12:12:30 Timed out
2025-10-06 12:12:35 Timed out
2025-10-06 12:12:40 Timed out
2025-10-06 12:12:45 Timed out
2025-10-06 12:12:50 Timed out
2025-10-06 12:12:55 Timed out
2025-10-06 12:13:00 Timed out
2025-10-06 12:13:05 Timed out
2025-10-06 12:13:10 Timed out
2025-10-06 12:13:15 Timed out
2025-10-06 12:13:20 Timed out
2025-10-06 12:13:25 Timed out
2025-10-06 12:13:30 Timed out
2025-10-06 12:13:35 Timed out
2025-10-06 12:13:40 Timed out
2025-10-06 12:13:45 Timed out
2025-10-06 12:13:50 Timed out
2025-10-06 12:13:55 Timed out
2025-10-06 12:14:00 Timed out
2025-10-06 12:14:05 Timed out
2025-10-06 12:14:10 Timed out
2025-10-06 12:14:15 Timed out
2025-10-06 12:14:20 Timed out
2025-10-06 12:14:25 Timed out
2025-10-06 12:14:30 Timed out
2025-10-06 12:14:35 Timed out
2025-10-06 12:14:40 Timed out
2025-10-06 12:14:45 Timed out
2025-10-06 12:14:50 Timed out
2025-10-06 12:14:55 Timed out
2025-10-06 12:15:00 Timed out
2025-10-06 12:15:05 Timed out
2025-10-06 12:15:10 Timed out
2025-10-06 12:15:15 Timed out
2025-10-06 12:15:20 Timed out
2025-10-06 12:15:25 Timed out
2025-10-06 12:15:30 Timed out
2025-10-06 12:15:35 Timed out
2025-10-06 12:15:40 Timed out
2025-10-06 12:15:45 Timed out
2025-10-06 12:15:50 Timed out
2025-10-06 12:15:55 Timed out
2025-10-06 12:16:00 Timed out
2025-10-06 12:16:05 Timed out
2025-10-06 12:16:10 Timed out
2025-10-06 12:16:15 Timed out
2025-10-06 12:16:20 Timed out
2025-10-06 12:16:25 Timed out
2025-10-06 12:16:30 Timed out
2025-10-06 12:16:35 Timed out
2025-10-06 12:16:40 Timed out
2025-10-06 12:16:46 Timed out
2025-10-06 12:16:51 Timed out
2025-10-06 12:16:56 Timed out
2025-10-06 12:17:01 Timed out
2025-10-06 12:17:06 Timed out
2025-10-06 12:17:11 Timed out
2025-10-06 12:17:16 Timed out
2025-10-06 12:17:21 Timed out
2025-10-06 12:17:26 Timed out
2025-10-06 12:17:31 Timed out
2025-10-06 12:17:36 Timed out
2025-10-06 12:17:41 Timed out
2025-10-06 12:17:46 Timed out
2025-10-06 12:17:51 Timed out
2025-10-06 12:17:56 Timed out
2025-10-06 12:18:01 Timed out
2025-10-06 12:18:06 Timed out
2025-10-06 12:18:11 Timed out
2025-10-06 12:18:16 Timed out
2025-10-06 12:18:21 Timed out
2025-10-06 12:18:26 Timed out
2025-10-06 12:18:31 Timed out
2025-10-06 12:18:36 Timed out
2025-10-06 12:18:41 Timed out
2025-10-06 12:18:46 Timed out
2025-10-06 12:18:51 Timed out
2025-10-06 12:18:56 Timed out
2025-10-06 12:19:01 Timed out
2025-10-06 12:19:06 Timed out
2025-10-06 12:19:11 Timed out
2025-10-06 12:19:16 Timed out
2025-10-06 12:19:21 Timed out
2025-10-06 12:19:26 Timed out
2025-10-06 12:19:31 Timed out
2025-10-06 12:19:36 Timed out
2025-10-06 12:19:41 Timed out
2025-10-06 12:19:46 Timed out
2025-10-06 12:19:51 Timed out
2025-10-06 12:19:56 Timed out
2025-10-06 12:20:01 Timed out
2025-10-06 12:20:06 Timed out
2025-10-06 12:20:11 Timed out
2025-10-06 12:20:16 Timed out
2025-10-06 12:20:21 Timed out
2025-10-06 12:20:26 Timed out
2025-10-06 12:20:31 Timed out
2025-10-06 12:20:36 Timed out
2025-10-06 12:20:41 Timed out
2025-10-06 12:20:46 Timed out
2025-10-06 12:20:51 Timed out
2025-10-06 12:20:56 Timed out
2025-10-06 12:21:01 Timed out
2025-10-06 12:21:06 Timed out
2025-10-06 12:21:11 Timed out
2025-10-06 12:21:16 Timed out
2025-10-06 12:21:21 Timed out
2025-10-06 12:21:26 Timed out
2025-10-06 12:21:31 Timed out
2025-10-06 12:21:36 Timed out
2025-10-06 12:21:41 Timed out
2025-10-06 12:21:46 Timed out
2025-10-06 12:21:51 Timed out
2025-10-06 12:21:56 Timed out
2025-10-06 12:22:01 Timed out
2025-10-06 12:22:06 Timed out
2025-10-06 12:22:11 Timed out
2025-10-06 12:22:16 Timed out
2025-10-06 12:22:21 Timed out
2025-10-06 12:22:26 Timed out
2025-10-06 12:22:31 Timed out
2025-10-06 12:22:36 Timed out
2025-10-06 12:22:41 Timed out
2025-10-06 12:22:46 Timed out
2025-10-06 12:22:51 Timed out
2025-10-06 12:22:56 Timed out
2025-10-06 12:23:01 Timed out
2025-10-06 12:23:06 Timed out
2025-10-06 12:23:11 Timed out
2025-10-06 12:23:16 Timed out
2025-10-06 12:23:21 Timed out
2025-10-06 12:23:26 Timed out
2025-10-06 12:23:31 Timed out
2025-10-06 12:23:36 Timed out
2025-10-06 12:23:41 Timed out
2025-10-06 12:23:46 Timed out
2025-10-06 12:23:51 Timed out
2025-10-06 12:23:56 Timed out
2025-10-06 12:24:01 Timed out
2025-10-06 12:24:06 Timed out
2025-10-06 12:24:11 Timed out
2025-10-06 12:24:16 Timed out
2025-10-06 12:24:21 Timed out
2025-10-06 12:24:26 Timed out
2025-10-06 12:24:31 Timed out
2025-10-06 12:24:36 Timed out
2025-10-06 12:24:41 Timed out
2025-10-06 12:24:46 Timed out
2025-10-06 12:24:51 Timed out
2025-10-06 12:24:56 Timed out
2025-10-06 12:25:01 Timed out
2025-10-06 12:25:06 Timed out
2025-10-06 12:25:11 Timed out
2025-10-06 12:25:16 Timed out
2025-10-06 12:25:21 Timed out
2025-10-06 12:25:26 Timed out
2025-10-06 12:25:31 Timed out
2025-10-06 12:25:36 Timed out
2025-10-06 12:25:41 Timed out
2025-10-06 12:25:46 Timed out
2025-10-06 12:25:51 Timed out
2025-10-06 12:25:56 Timed out
2025-10-06 12:26:01 Timed out
2025-10-06 12:26:06 Timed out
2025-10-06 12:26:11 Timed out
2025-10-06 12:26:16 Timed out
2025-10-06 12:26:21 Timed out
2025-10-06 12:26:26 Timed out
2025-10-06 12:26:31 Timed out
2025-10-06 12:26:36 Timed out
2025-10-06 12:26:41 Timed out
2025-10-06 12:26:46 Timed out
2025-10-06 12:26:51 Timed out
2025-10-06 12:26:56 Timed out
2025-10-06 12:27:01 Timed out
2025-10-06 12:27:06 Timed out
2025-10-06 12:27:11 Timed out
2025-10-06 12:27:16 Timed out
2025-10-06 12:27:21 Timed out
2025-10-06 12:27:26 Timed out
2025-10-06 12:27:31 Timed out
2025-10-06 12:27:36 Timed out
2025-10-06 12:27:42 Timed out
2025-10-06 12:27:47 Timed out
2025-10-06 12:27:52 Timed out
2025-10-06 12:27:57 Timed out
2025-10-06 12:28:02 Timed out
2025-10-06 12:28:07 Timed out
2025-10-06 12:28:12 Timed out
2025-10-06 12:28:17 Timed out
2025-10-06 12:28:22 Timed out
2025-10-06 12:28:27 Timed out
2025-10-06 12:28:32 Timed out
2025-10-06 12:28:37 Timed out
2025-10-06 12:28:42 Timed out
2025-10-06 12:28:47 Timed out
2025-10-06 12:28:52 Timed out
2025-10-06 12:28:57 Timed out
2025-10-06 12:29:02 Timed out
2025-10-06 12:29:07 Timed out
2025-10-06 12:29:12 Timed out
2025-10-06 12:29:17 Timed out
2025-10-06 12:29:22 Timed out
2025-10-06 12:29:27 Timed out
2025-10-06 12:29:32 Timed out
2025-10-06 12:29:37 Timed out
2025-10-06 12:29:42 Timed out
2025-10-06 12:29:47 Timed out
2025-10-06 12:29:52 Timed out
2025-10-06 12:29:57 Timed out
2025-10-06 12:30:02 Timed out
2025-10-06 12:30:07 Timed out
2025-10-06 12:30:12 Timed out
2025-10-06 12:30:17 Timed out
2025-10-06 12:30:22 Timed out
2025-10-06 12:30:27 Timed out
2025-10-06 12:30:32 Timed out
2025-10-06 12:30:37 Timed out
2025-10-06 12:30:42 Timed out
2025-10-06 12:30:47 Timed out
2025-10-06 12:30:52 Timed out
2025-10-06 12:30:57 Timed out
2025-10-06 12:31:02 Timed out
2025-10-06 12:31:07 Timed out
2025-10-06 12:31:12 Timed out
2025-10-06 12:31:17 Timed out
2025-10-06 12:31:22 Timed out
2025-10-06 12:31:27 Timed out
2025-10-06 12:31:32 Timed out
2025-10-06 12:31:37 Timed out
2025-10-06 12:31:42 Timed out
2025-10-06 12:31:47 Timed out
2025-10-06 12:31:52 Timed out
2025-10-06 12:31:57 Timed out
2025-10-06 12:32:02 Timed out
2025-10-06 12:32:07 Timed out
2025-10-06 12:32:12 Timed out
2025-10-06 12:32:17 Timed out
2025-10-06 12:32:22 Timed out
2025-10-06 12:32:27 Timed out
2025-10-06 12:32:32 Timed out
2025-10-06 12:32:37 Timed out
2025-10-06 12:32:42 Timed out
2025-10-06 12:32:47 Timed out
2025-10-06 12:32:52 Timed out
2025-10-06 12:32:57 Timed out
2025-10-06 12:33:02 Timed out
2025-10-06 12:33:07 Timed out
2025-10-06 12:33:12 Timed out
2025-10-06 12:33:17 Timed out
2025-10-06 12:33:22 Timed out
2025-10-06 12:33:27 Timed out
2025-10-06 12:33:32 Timed out
2025-10-06 12:33:37 Timed out
2025-10-06 12:33:42 Timed out
2025-10-06 12:33:47 Timed out
2025-10-06 12:33:52 Timed out
2025-10-06 12:33:57 Timed out
2025-10-06 12:34:02 Timed out
2025-10-06 12:34:07 Timed out
2025-10-06 12:34:12 Timed out
2025-10-06 12:34:17 Timed out
2025-10-06 12:34:22 Timed out
2025-10-06 12:34:27 Timed out
2025-10-06 12:34:32 Timed out
2025-10-06 12:34:37 Timed out
2025-10-06 12:34:42 Timed out
2025-10-06 12:34:47 Timed out
2025-10-06 12:34:52 Timed out
2025-10-06 12:34:57 Timed out
2025-10-06 12:35:02 Timed out
2025-10-06 12:35:07 Timed out
2025-10-06 12:35:12 Timed out
2025-10-06 12:35:17 Timed out
2025-10-06 12:35:22 Timed out
2025-10-06 12:35:27 Timed out
2025-10-06 12:35:32 Timed out
2025-10-06 12:35:37 Timed out
2025-10-06 12:35:42 Timed out
2025-10-06 12:35:47 Timed out
2025-10-06 12:35:52 Timed out
2025-10-06 12:35:57 Timed out
2025-10-06 12:36:02 Timed out
2025-10-06 12:36:07 Timed out
2025-10-06 12:36:12 Timed out
2025-10-06 12:36:17 Timed out
2025-10-06 12:36:22 Timed out
2025-10-06 12:36:27 Timed out
2025-10-06 12:36:32 Timed out
2025-10-06 12:36:37 Timed out
2025-10-06 12:36:42 Timed out
2025-10-06 12:36:47 Timed out
2025-10-06 12:36:52 Timed out
2025-10-06 12:36:57 Timed out
2025-10-06 12:37:02 Timed out
2025-10-06 12:37:07 Timed out
2025-10-06 12:37:12 Timed out
2025-10-06 12:37:17 Timed out
2025-10-06 12:37:22 Timed out
2025-10-06 12:37:27 Timed out
2025-10-06 12:37:32 Timed out
2025-10-06 12:37:37 Timed out
2025-10-06 12:37:42 Timed out
2025-10-06 12:37:47 Timed out
2025-10-06 12:37:52 Timed out
2025-10-06 12:37:57 Timed out
2025-10-06 12:38:02 Timed out
2025-10-06 12:38:07 Timed out
2025-10-06 12:38:12 Timed out
2025-10-06 12:38:17 Timed out
2025-10-06 12:38:22 Timed out
2025-10-06 12:38:27 Timed out
2025-10-06 12:38:32 Timed out
2025-10-06 12:38:37 Timed out
2025-10-06 12:38:42 Timed out
2025-10-06 12:38:47 Timed out
2025-10-06 12:38:52 Timed out
2025-10-06 12:38:57 Timed out
2025-10-06 12:39:02 Timed out
2025-10-06 12:39:07 Timed out
2025-10-06 12:39:13 Timed out
2025-10-06 12:39:18 Timed out
2025-10-06 12:39:23 Timed out
2025-10-06 12:39:28 Timed out
2025-10-06 12:39:33 Timed out
2025-10-06 12:39:38 Timed out
2025-10-06 12:39:43 Timed out
2025-10-06 12:39:48 Timed out
2025-10-06 12:39:53 Timed out
2025-10-06 12:39:58 Timed out
2025-10-06 12:40:03 Timed out
2025-10-06 12:40:08 Timed out
2025-10-06 12:40:13 Timed out
2025-10-06 12:40:18 Timed out
2025-10-06 12:40:23 Timed out
2025-10-06 12:40:28 Timed out
2025-10-06 12:40:33 Timed out
2025-10-06 12:40:38 Timed out
2025-10-06 12:40:43 Timed out
2025-10-06 12:40:48 Timed out
2025-10-06 12:40:53 Timed out
2025-10-06 12:40:58 Timed out
2025-10-06 12:41:03 Timed out
2025-10-06 12:41:08 Timed out
2025-10-06 12:41:13 Timed out
2025-10-06 12:41:18 Timed out
2025-10-06 12:41:23 Timed out
2025-10-06 12:41:28 Timed out
2025-10-06 12:41:33 Timed out
2025-10-06 12:41:38 Timed out
2025-10-06 12:41:43 Timed out
2025-10-06 12:41:48 Timed out
2025-10-06 12:41:53 Timed out
2025-10-06 12:41:58 Timed out
2025-10-06 12:42:03 Timed out
2025-10-06 12:42:08 Timed out
2025-10-06 12:42:13 Timed out
2025-10-06 12:42:18 Timed out
2025-10-06 12:42:23 Timed out
2025-10-06 12:42:28 Timed out
2025-10-06 12:42:33 Timed out
2025-10-06 12:42:38 Timed out
2025-10-06 12:42:43 Timed out
2025-10-06 12:42:48 Timed out
2025-10-06 12:42:53 Timed out
2025-10-06 12:42:58 Timed out
2025-10-06 12:43:03 Timed out
2025-10-06 12:43:08 Timed out
2025-10-06 12:43:13 Timed out
2025-10-06 12:43:18 Timed out
2025-10-06 12:43:23 Timed out
2025-10-06 12:43:28 Timed out
2025-10-06 12:43:33 Timed out
2025-10-06 12:43:38 Timed out
2025-10-06 12:43:43 Timed out
2025-10-06 12:43:48 Timed out
2025-10-06 12:43:53 Timed out
2025-10-06 12:43:58 Timed out
2025-10-06 12:44:03 Timed out
2025-10-06 12:44:08 Timed out
2025-10-06 12:44:13 Timed out
2025-10-06 12:44:18 Timed out
2025-10-06 12:44:23 Timed out
2025-10-06 12:44:28 Timed out
2025-10-06 12:44:33 Timed out
2025-10-06 12:44:38 Timed out
2025-10-06 12:44:43 Timed out
2025-10-06 12:44:48 Timed out
2025-10-06 12:44:53 Timed out
2025-10-06 12:44:58 Timed out
2025-10-06 12:45:03 Timed out
2025-10-06 12:45:08 Timed out
2025-10-06 12:45:13 Timed out
2025-10-06 12:45:18 Timed out
2025-10-06 12:45:23 Timed out
2025-10-06 12:45:28 Timed out
2025-10-06 12:45:33 Timed out
2025-10-06 12:45:38 Timed out
2025-10-06 12:45:43 Timed out
2025-10-06 12:45:48 Timed out
2025-10-06 12:45:53 Timed out
2025-10-06 12:45:58 Timed out
2025-10-06 12:46:03 Timed out
2025-10-06 12:46:08 Timed out
2025-10-06 12:46:13 Timed out
2025-10-06 12:46:18 Timed out
2025-10-06 12:46:23 Timed out
2025-10-06 12:46:28 Timed out
2025-10-06 12:46:33 Timed out
2025-10-06 12:46:38 Timed out
2025-10-06 12:46:43 Timed out
2025-10-06 12:46:48 Timed out
2025-10-06 12:46:53 Timed out
2025-10-06 12:46:58 Timed out
2025-10-06 12:47:03 Timed out
2025-10-06 12:47:08 Timed out
2025-10-06 12:47:13 Timed out
2025-10-06 12:47:18 Timed out
2025-10-06 12:47:23 Timed out
2025-10-06 12:47:28 Timed out
2025-10-06 12:47:33 Timed out
2025-10-06 12:47:38 Timed out
2025-10-06 12:47:43 Timed out
2025-10-06 12:47:48 Timed out
2025-10-06 12:47:53 Timed out
2025-10-06 12:47:58 Timed out
2025-10-06 12:48:03 Timed out
2025-10-06 12:48:08 Timed out
2025-10-06 12:48:13 Timed out
2025-10-06 12:48:18 Timed out
2025-10-06 12:48:23 Timed out
2025-10-06 12:48:28 Timed out
2025-10-06 12:48:33 Timed out
2025-10-06 12:48:38 Timed out
2025-10-06 12:48:43 Timed out
2025-10-06 12:48:48 Timed out
2025-10-06 12:48:53 Timed out
2025-10-06 12:48:58 Timed out
2025-10-06 12:49:03 Timed out
2025-10-06 12:49:08 Timed out
2025-10-06 12:49:13 Timed out
2025-10-06 12:49:18 Timed out
2025-10-06 12:49:23 Timed out
2025-10-06 12:49:28 Timed out
2025-10-06 12:49:33 Timed out
2025-10-06 12:49:38 Timed out
2025-10-06 12:49:43 Timed out
2025-10-06 12:49:48 Timed out
2025-10-06 12:49:53 Timed out
2025-10-06 12:49:58 Timed out
2025-10-06 12:50:03 Timed out
2025-10-06 12:50:08 Timed out
2025-10-06 12:50:13 Timed out
2025-10-06 12:50:18 Timed out
2025-10-06 12:50:23 Timed out
2025-10-06 12:50:28 Timed out
2025-10-06 12:50:33 Timed out
2025-10-06 12:50:38 Timed out
2025-10-06 12:50:43 Timed out
2025-10-06 12:50:48 Timed out
2025-10-06 12:50:53 Timed out
2025-10-06 12:50:58 Timed out
2025-10-06 12:51:03 Timed out
2025-10-06 12:51:08 Timed out
2025-10-06 12:51:13 Timed out
2025-10-06 12:51:18 Timed out
2025-10-06 12:51:23 Timed out
2025-10-06 12:51:28 Timed out
2025-10-06 12:51:33 Timed out
2025-10-06 12:51:38 Timed out
2025-10-06 12:51:43 Timed out
2025-10-06 12:51:48 Timed out
2025-10-06 12:51:53 Timed out
2025-10-06 12:51:58 Timed out
2025-10-06 12:52:03 Timed out
2025-10-06 12:52:08 Timed out
2025-10-06 12:52:13 Timed out
2025-10-06 12:52:19 Timed out
2025-10-06 12:52:24 Timed out
2025-10-06 12:52:29 Timed out
2025-10-06 12:52:34 Timed out
2025-10-06 12:52:39 Timed out
2025-10-06 12:52:44 Timed out
2025-10-06 12:52:49 Timed out
2025-10-06 12:52:54 Timed out
2025-10-06 12:52:59 Timed out
2025-10-06 12:53:04 Timed out
2025-10-06 12:53:09 Timed out
2025-10-06 12:53:14 Timed out
2025-10-06 12:53:19 Timed out
2025-10-06 12:53:24 Timed out
2025-10-06 12:53:29 Timed out
2025-10-06 12:53:34 Timed out
2025-10-06 12:53:39 Timed out
2025-10-06 12:53:44 Timed out
2025-10-06 12:53:49 Timed out
2025-10-06 12:53:54 Timed out
2025-10-06 12:53:59 Timed out
2025-10-06 12:54:04 Timed out
2025-10-06 12:54:09 Timed out
2025-10-06 12:54:14 Timed out
2025-10-06 12:54:19 Timed out
2025-10-06 12:54:24 Timed out
2025-10-06 12:54:29 Timed out
2025-10-06 12:54:34 Timed out
2025-10-06 12:54:39 Timed out
2025-10-06 12:54:44 Timed out
2025-10-06 12:54:49 Timed out
2025-10-06 12:54:54 Timed out
2025-10-06 12:54:59 Timed out
2025-10-06 12:55:04 Timed out
2025-10-06 12:55:09 Timed out
2025-10-06 12:55:14 Timed out
2025-10-06 12:55:19 Timed out
2025-10-06 12:55:24 Timed out
2025-10-06 12:55:29 Timed out
2025-10-06 12:55:34 Timed out
2025-10-06 12:55:39 Timed out
2025-10-06 12:55:44 Timed out
2025-10-06 12:55:49 Timed out
2025-10-06 12:55:54 Timed out
2025-10-06 12:55:59 Timed out
2025-10-06 12:56:04 Timed out
2025-10-06 12:56:09 Timed out
2025-10-06 12:56:14 Timed out
2025-10-06 12:56:19 Timed out
2025-10-06 12:56:24 Timed out
2025-10-06 12:56:29 Timed out
2025-10-06 12:56:34 Timed out
2025-10-06 12:56:39 Timed out
2025-10-06 12:56:44 Timed out
2025-10-06 12:56:49 Timed out
2025-10-06 12:56:54 Timed out
2025-10-06 12:56:59 Timed out
2025-10-06 12:57:04 Timed out
2025-10-06 12:57:09 Timed out
2025-10-06 12:57:14 Timed out
2025-10-06 12:57:19 Timed out
2025-10-06 12:57:24 Timed out
2025-10-06 12:57:29 Timed out
2025-10-06 12:57:34 Timed out
2025-10-06 12:57:39 Timed out
2025-10-06 12:57:44 Timed out
2025-10-06 12:57:49 Timed out
2025-10-06 12:57:54 Timed out
2025-10-06 12:57:59 Timed out
2025-10-06 12:58:04 Timed out
2025-10-06 12:58:09 Timed out
2025-10-06 12:58:14 Timed out
2025-10-06 12:58:19 Timed out
2025-10-06 12:58:24 Timed out
2025-10-06 12:58:29 Timed out
2025-10-06 12:58:34 Timed out
2025-10-06 12:58:39 Timed out
2025-10-06 12:58:44 Timed out
2025-10-06 12:58:49 Timed out
2025-10-06 12:58:54 Timed out
2025-10-06 12:58:59 Timed out
2025-10-06 12:59:04 Timed out
2025-10-06 12:59:09 Timed out
2025-10-06 12:59:14 Timed out
2025-10-06 12:59:19 Timed out
2025-10-06 12:59:24 Timed out
2025-10-06 12:59:29 Timed out
2025-10-06 12:59:34 Timed out
2025-10-06 12:59:39 Timed out
2025-10-06 12:59:44 Timed out
2025-10-06 12:59:49 Timed out
2025-10-06 12:59:54 Timed out
2025-10-06 12:59:59 Timed out
2025-10-06 13:00:04 Timed out
2025-10-06 13:00:09 Timed out
2025-10-06 13:00:14 Timed out
2025-10-06 13:00:19 Timed out
2025-10-06 13:00:24 Timed out
2025-10-06 13:00:29 Timed out
2025-10-06 13:00:34 Timed out
2025-10-06 13:00:39 Timed out
2025-10-06 13:00:44 Timed out
2025-10-06 13:00:49 Timed out
2025-10-06 13:00:54 Timed out
2025-10-06 13:00:59 Timed out
2025-10-06 13:01:04 Timed out
2025-10-06 13:01:09 Timed out
2025-10-06 13:01:14 Timed out
2025-10-06 13:01:19 Timed out
2025-10-06 13:01:24 Timed out
2025-10-06 13:01:29 Timed out
2025-10-06 13:01:34 Timed out
2025-10-06 13:01:39 Timed out
2025-10-06 13:01:43 A message has been received!
2025-10-06 13:01:43 Calling to register email microservice with the email: mariocb@hotmail.com
2025-10-06 13:01:49 Timed out
2025-10-06 13:01:54 Timed out
2025-10-06 13:01:59 Timed out
2025-10-06 13:02:04 Timed out
2025-10-06 13:02:09 Timed out
2025-10-06 13:02:14 Timed out
2025-10-06 13:02:19 Timed out
2025-10-06 13:02:24 Timed out
2025-10-06 13:02:29 Timed out
2025-10-06 13:02:34 Timed out
2025-10-06 13:02:39 Timed out
2025-10-06 13:02:44 Timed out
2025-10-06 13:02:49 Timed out
2025-10-06 13:02:54 Timed out
2025-10-06 13:02:59 Timed out
2025-10-06 13:03:04 Timed out
2025-10-06 13:03:09 Timed out
2025-10-06 13:03:14 Timed out
2025-10-06 13:03:19 Timed out
2025-10-06 13:03:24 Timed out
2025-10-06 13:03:29 Timed out
2025-10-06 13:03:34 Timed out
2025-10-06 13:03:35 A message has been received!
2025-10-06 13:03:35 Calling to register email microservice with the email: mariocb@hotmail.com
2025-10-06 13:03:41 Timed out
2025-10-06 13:03:46 Timed out
2025-10-06 13:03:51 Timed out
2025-10-06 13:03:56 Timed out
2025-10-06 13:04:01 Timed out
2025-10-06 13:04:06 Timed out
2025-10-06 13:04:06 A message has been received!
2025-10-06 13:04:06 Calling to register email microservice with the email: mariocb@hotmail.com
2025-10-06 13:04:11 Timed out
2025-10-06 13:04:16 Timed out
2025-10-06 13:04:21 Timed out
2025-10-06 13:04:26 Timed out
2025-10-06 13:04:31 Timed out
2025-10-06 13:04:36 Timed out
2025-10-06 13:04:41 Timed out
2025-10-06 13:04:46 Timed out
2025-10-06 13:04:51 Timed out
2025-10-06 13:04:56 Timed out
2025-10-06 13:05:01 Timed out
2025-10-06 13:05:06 Timed out
2025-10-06 13:05:11 Timed out
2025-10-06 13:05:16 Timed out
2025-10-06 13:05:21 Timed out
2025-10-06 13:05:26 Timed out
2025-10-06 13:05:31 Timed out
2025-10-06 13:05:36 Timed out
2025-10-06 13:05:41 Timed out
2025-10-06 13:05:46 Timed out
2025-10-06 13:05:51 Timed out
2025-10-06 13:05:56 Timed out
2025-10-06 13:06:01 Timed out
2025-10-06 13:06:07 Timed out
2025-10-06 13:06:12 Timed out
2025-10-06 13:06:17 Timed out
2025-10-06 13:06:22 Timed out
2025-10-06 13:06:27 Timed out
2025-10-06 13:06:32 Timed out
2025-10-06 13:06:37 Timed out
2025-10-06 13:06:42 Timed out
2025-10-06 13:06:47 Timed out
2025-10-06 13:06:52 Timed out
2025-10-06 13:06:57 Timed out
2025-10-06 13:07:02 Timed out
2025-10-06 13:07:07 Timed out
2025-10-06 13:07:12 Timed out
2025-10-06 13:07:17 Timed out
2025-10-06 13:07:22 Timed out
2025-10-06 13:07:27 Timed out
2025-10-06 13:07:32 Timed out
2025-10-06 13:07:37 Timed out
2025-10-06 13:07:42 Timed out
2025-10-06 13:07:47 Timed out
2025-10-06 13:07:52 Timed out
2025-10-06 13:07:57 Timed out
2025-10-06 13:08:02 Timed out
2025-10-06 13:08:07 Timed out
2025-10-06 13:08:12 Timed out
2025-10-06 13:08:17 Timed out
2025-10-06 13:08:22 Timed out
2025-10-06 13:08:27 Timed out
2025-10-06 13:08:32 Timed out
2025-10-06 13:08:37 Timed out
2025-10-06 13:08:42 Timed out
2025-10-06 13:08:47 Timed out
2025-10-06 13:08:52 Timed out
2025-10-06 13:08:57 Timed out
2025-10-06 13:09:02 Timed out
2025-10-06 13:09:07 Timed out
2025-10-06 13:09:12 Timed out
2025-10-06 13:09:17 Timed out
2025-10-06 13:09:22 Timed out
2025-10-06 13:09:27 Timed out
2025-10-06 13:09:32 Timed out
